<?xml version="1.0" encoding="UTF-8"?>
<!-- Generated by org.testng.reporters.JUnitXMLReporter -->
<testsuite ignored="0" hostname="LIN51015447" failures="0" tests="6" name="Surefire test" time="41.922" errors="0" timestamp="2024-03-02T16:35:01 IST">
  <testcase classname="shubhenduAutomation.ErrorValidationsTest" name="checkCountISOne" time="2.027"/>
  <testcase classname="shubhenduAutomation.ErrorValidationsTest" name="logInErrorValidation" time="0.684"/>
  <testcase classname="shubhenduAutomation.StandAloneTest" name="standAloneTest" time="6.408"/>
  <testcase classname="shubhenduAutomation.StandAloneTest" name="standAloneTest" time="6.866"/>
  <testcase classname="shubhenduAutomation.StandAloneTest" name="orderValidation" time="0.683"/>
  <testcase classname="shubhenduAutomation.StandAloneTest" name="orderValidation" time="0.747"/>
</testsuite> <!-- Surefire test -->
