<?xml version="1.0" encoding="UTF-8"?>
<testng-results ignored="0" total="6" passed="6" failed="0" skipped="0">
  <reporter-output>
  </reporter-output>
  <suite started-at="2024-03-02T16:56:33 IST" name="Suite" finished-at="2024-03-02T16:57:07 IST" duration-ms="34757">
    <groups>
      <group name="ErrorValidation">
        <method signature="ErrorValidationsTest.logInErrorValidation()[pri:0, instance:shubhenduAutomation.ErrorValidationsTest@6ce86ce1]" name="logInErrorValidation" class="shubhenduAutomation.ErrorValidationsTest"/>
      </group> <!-- ErrorValidation -->
      <group name="dataSet">
        <method signature="StandAloneTest.standAloneTest(java.util.HashMap)[pri:0, instance:shubhenduAutomation.StandAloneTest@1583741e]" name="standAloneTest" class="shubhenduAutomation.StandAloneTest"/>
      </group> <!-- dataSet -->
    </groups>
    <test started-at="2024-03-02T16:56:33 IST" name="Login Page Error Validation" finished-at="2024-03-02T16:56:47 IST" duration-ms="14662">
      <class name="shubhenduAutomation.ErrorValidationsTest">
        <test-method is-config="true" signature="launchApplication()[pri:0, instance:shubhenduAutomation.ErrorValidationsTest@6ce86ce1]" started-at="2024-03-02T16:56:33 IST" name="launchApplication" finished-at="2024-03-02T16:56:36 IST" duration-ms="3671" status="PASS">
          <reporter-output>
          </reporter-output>
        </test-method> <!-- launchApplication -->
        <test-method signature="checkCountISOne()[pri:0, instance:shubhenduAutomation.ErrorValidationsTest@6ce86ce1]" started-at="2024-03-02T16:56:36 IST" name="checkCountISOne" finished-at="2024-03-02T16:56:39 IST" duration-ms="2098" status="PASS">
          <reporter-output>
          </reporter-output>
        </test-method> <!-- checkCountISOne -->
        <test-method is-config="true" signature="taerDown()[pri:0, instance:shubhenduAutomation.ErrorValidationsTest@6ce86ce1]" started-at="2024-03-02T16:56:39 IST" name="taerDown" finished-at="2024-03-02T16:56:39 IST" duration-ms="164" status="PASS">
          <reporter-output>
          </reporter-output>
        </test-method> <!-- taerDown -->
        <test-method is-config="true" signature="launchApplication()[pri:0, instance:shubhenduAutomation.ErrorValidationsTest@6ce86ce1]" started-at="2024-03-02T16:56:39 IST" name="launchApplication" finished-at="2024-03-02T16:56:46 IST" duration-ms="7443" status="PASS">
          <reporter-output>
          </reporter-output>
        </test-method> <!-- launchApplication -->
        <test-method signature="logInErrorValidation()[pri:0, instance:shubhenduAutomation.ErrorValidationsTest@6ce86ce1]" started-at="2024-03-02T16:56:46 IST" name="logInErrorValidation" finished-at="2024-03-02T16:56:47 IST" duration-ms="1037" status="PASS">
          <reporter-output>
          </reporter-output>
        </test-method> <!-- logInErrorValidation -->
        <test-method is-config="true" signature="taerDown()[pri:0, instance:shubhenduAutomation.ErrorValidationsTest@6ce86ce1]" started-at="2024-03-02T16:56:47 IST" name="taerDown" finished-at="2024-03-02T16:56:47 IST" duration-ms="157" status="PASS">
          <reporter-output>
          </reporter-output>
        </test-method> <!-- taerDown -->
      </class> <!-- shubhenduAutomation.ErrorValidationsTest -->
    </test> <!-- Login Page Error Validation -->
    <test started-at="2024-03-02T16:56:33 IST" name="Submit Order Test" finished-at="2024-03-02T16:57:07 IST" duration-ms="34757">
      <class name="shubhenduAutomation.StandAloneTest">
        <test-method is-config="true" signature="launchApplication()[pri:0, instance:shubhenduAutomation.StandAloneTest@1583741e]" started-at="2024-03-02T16:56:33 IST" name="launchApplication" finished-at="2024-03-02T16:56:42 IST" duration-ms="9045" status="PASS">
          <reporter-output>
          </reporter-output>
        </test-method> <!-- launchApplication -->
        <test-method signature="standAloneTest(java.util.HashMap)[pri:0, instance:shubhenduAutomation.StandAloneTest@1583741e]" started-at="2024-03-02T16:56:42 IST" name="standAloneTest" data-provider="getData" finished-at="2024-03-02T16:56:48 IST" duration-ms="6170" status="PASS">
          <params>
            <param index="0">
              <value>
                <![CDATA[{password=Shub@1234@, email=dummy007@email.com, productName=ZARA COAT 3}]]>
              </value>
            </param>
          </params>
          <reporter-output>
          </reporter-output>
        </test-method> <!-- standAloneTest -->
        <test-method is-config="true" signature="taerDown()[pri:0, instance:shubhenduAutomation.StandAloneTest@1583741e]" started-at="2024-03-02T16:56:48 IST" name="taerDown" finished-at="2024-03-02T16:56:49 IST" duration-ms="201" status="PASS">
          <reporter-output>
          </reporter-output>
        </test-method> <!-- taerDown -->
        <test-method is-config="true" signature="launchApplication()[pri:0, instance:shubhenduAutomation.StandAloneTest@1583741e]" started-at="2024-03-02T16:56:49 IST" name="launchApplication" finished-at="2024-03-02T16:56:52 IST" duration-ms="3493" status="PASS">
          <reporter-output>
          </reporter-output>
        </test-method> <!-- launchApplication -->
        <test-method signature="standAloneTest(java.util.HashMap)[pri:0, instance:shubhenduAutomation.StandAloneTest@1583741e]" started-at="2024-03-02T16:56:52 IST" name="standAloneTest" data-provider="getData" finished-at="2024-03-02T16:56:58 IST" duration-ms="5792" status="PASS">
          <params>
            <param index="0">
              <value>
                <![CDATA[{password=Shub@1234@#, email=dummy008@email.com, productName=ADIDAS ORIGINAL}]]>
              </value>
            </param>
          </params>
          <reporter-output>
          </reporter-output>
        </test-method> <!-- standAloneTest -->
        <test-method is-config="true" signature="taerDown()[pri:0, instance:shubhenduAutomation.StandAloneTest@1583741e]" started-at="2024-03-02T16:56:58 IST" name="taerDown" finished-at="2024-03-02T16:56:58 IST" duration-ms="138" status="PASS">
          <reporter-output>
          </reporter-output>
        </test-method> <!-- taerDown -->
        <test-method is-config="true" signature="launchApplication()[pri:0, instance:shubhenduAutomation.StandAloneTest@1583741e]" started-at="2024-03-02T16:56:58 IST" name="launchApplication" finished-at="2024-03-02T16:57:02 IST" duration-ms="3556" status="PASS">
          <reporter-output>
          </reporter-output>
        </test-method> <!-- launchApplication -->
        <test-method signature="orderValidation(java.lang.String,java.lang.String,java.lang.String)[pri:0, instance:shubhenduAutomation.StandAloneTest@1583741e]" started-at="2024-03-02T16:57:02 IST" name="orderValidation" data-provider="getDataOject" finished-at="2024-03-02T16:57:03 IST" depends-on-methods="shubhenduAutomation.StandAloneTest.standAloneTest" duration-ms="1165" status="PASS">
          <params>
            <param index="0">
              <value>
                <![CDATA[dummy007@email.com]]>
              </value>
            </param>
            <param index="1">
              <value>
                <![CDATA[Shub@1234@]]>
              </value>
            </param>
            <param index="2">
              <value>
                <![CDATA[ZARA COAT 3]]>
              </value>
            </param>
          </params>
          <reporter-output>
          </reporter-output>
        </test-method> <!-- orderValidation -->
        <test-method is-config="true" signature="taerDown()[pri:0, instance:shubhenduAutomation.StandAloneTest@1583741e]" started-at="2024-03-02T16:57:03 IST" name="taerDown" finished-at="2024-03-02T16:57:03 IST" duration-ms="114" status="PASS">
          <reporter-output>
          </reporter-output>
        </test-method> <!-- taerDown -->
        <test-method is-config="true" signature="launchApplication()[pri:0, instance:shubhenduAutomation.StandAloneTest@1583741e]" started-at="2024-03-02T16:57:03 IST" name="launchApplication" finished-at="2024-03-02T16:57:06 IST" duration-ms="3697" status="PASS">
          <reporter-output>
          </reporter-output>
        </test-method> <!-- launchApplication -->
        <test-method signature="orderValidation(java.lang.String,java.lang.String,java.lang.String)[pri:0, instance:shubhenduAutomation.StandAloneTest@1583741e]" started-at="2024-03-02T16:57:06 IST" name="orderValidation" data-provider="getDataOject" finished-at="2024-03-02T16:57:07 IST" depends-on-methods="shubhenduAutomation.StandAloneTest.standAloneTest" duration-ms="809" status="PASS">
          <params>
            <param index="0">
              <value>
                <![CDATA[dummy008@email.com]]>
              </value>
            </param>
            <param index="1">
              <value>
                <![CDATA[Shub@1234@#]]>
              </value>
            </param>
            <param index="2">
              <value>
                <![CDATA[ADIDAS ORIGINAL]]>
              </value>
            </param>
          </params>
          <reporter-output>
          </reporter-output>
        </test-method> <!-- orderValidation -->
        <test-method is-config="true" signature="taerDown()[pri:0, instance:shubhenduAutomation.StandAloneTest@1583741e]" started-at="2024-03-02T16:57:07 IST" name="taerDown" finished-at="2024-03-02T16:57:07 IST" duration-ms="176" status="PASS">
          <reporter-output>
          </reporter-output>
        </test-method> <!-- taerDown -->
      </class> <!-- shubhenduAutomation.StandAloneTest -->
    </test> <!-- Submit Order Test -->
  </suite> <!-- Suite -->
</testng-results>
