<?xml version="1.0" encoding="UTF-8"?>
<!-- Generated by org.testng.reporters.JUnitXMLReporter -->
<testsuite ignored="1" hostname="LIN51015447" failures="0" tests="1" name="Login Page Error Validation" time="9.884" errors="0" timestamp="2024-03-04T16:23:28 IST">
  <testcase classname="shubhenduAutomation.ErrorValidationsTest" name="logInErrorValidation" time="0.59"/>
  <testcase classname="shubhenduAutomation.ErrorValidationsTest" name="checkCountISOne" time="0.0">
    <ignored/>
  </testcase> <!-- checkCountISOne -->
</testsuite> <!-- Login Page Error Validation -->
