<?xml version="1.0" encoding="UTF-8"?>
<!-- Generated by org.testng.reporters.JUnitXMLReporter -->
<testsuite ignored="0" hostname="LIN51015447" failures="0" tests="2" name="Login Page Error Validation" time="14.662" errors="0" timestamp="2024-03-02T16:56:47 IST">
  <testcase classname="shubhenduAutomation.ErrorValidationsTest" name="checkCountISOne" time="2.098"/>
  <testcase classname="shubhenduAutomation.ErrorValidationsTest" name="logInErrorValidation" time="1.037"/>
</testsuite> <!-- Login Page Error Validation -->
