<?xml version="1.0" encoding="UTF-8"?>
<!-- Generated by org.testng.reporters.JUnitXMLReporter -->
<testsuite ignored="0" hostname="LIN51015447" failures="0" tests="4" name="Submit Order Test" time="34.757" errors="0" timestamp="2024-03-02T16:57:07 IST">
  <testcase classname="shubhenduAutomation.StandAloneTest" name="standAloneTest" time="6.17"/>
  <testcase classname="shubhenduAutomation.StandAloneTest" name="standAloneTest" time="5.792"/>
  <testcase classname="shubhenduAutomation.StandAloneTest" name="orderValidation" time="1.165"/>
  <testcase classname="shubhenduAutomation.StandAloneTest" name="orderValidation" time="0.809"/>
</testsuite> <!-- Submit Order Test -->
