<?xml version="1.0" encoding="UTF-8"?>
<!-- Generated by org.testng.reporters.JUnitXMLReporter -->
<testsuite ignored="1" hostname="LIN51015447" failures="0" tests="2" name="Submit Order Test" time="21.776" errors="0" timestamp="2024-03-04T20:22:10 IST">
  <testcase classname="shubhenduAutomation.StandAloneTest" name="standAloneTest" time="5.61"/>
  <testcase classname="shubhenduAutomation.StandAloneTest" name="standAloneTest" time="5.451"/>
  <testcase classname="shubhenduAutomation.StandAloneTest" name="orderValidation" time="0.0">
    <ignored/>
  </testcase> <!-- orderValidation -->
</testsuite> <!-- Submit Order Test -->
