<?xml version="1.0" encoding="UTF-8"?>
<testng-results ignored="0" total="6" passed="6" failed="0" skipped="0">
  <reporter-output>
  </reporter-output>
  <suite started-at="2024-03-04T19:56:50 IST" name="Suite" finished-at="2024-03-04T19:57:20 IST" duration-ms="30183">
    <groups>
      <group name="ErrorValidation">
        <method signature="ErrorValidationsTest.logInErrorValidation()[pri:0, instance:shubhenduAutomation.ErrorValidationsTest@332729ad]" name="logInErrorValidation" class="shubhenduAutomation.ErrorValidationsTest"/>
      </group> <!-- ErrorValidation -->
      <group name="dataSet">
        <method signature="StandAloneTest.standAloneTest(java.util.HashMap)[pri:0, instance:shubhenduAutomation.StandAloneTest@5be49b60]" name="standAloneTest" class="shubhenduAutomation.StandAloneTest"/>
      </group> <!-- dataSet -->
    </groups>
    <test started-at="2024-03-04T19:56:50 IST" name="Login Page Error Validation" finished-at="2024-03-04T19:57:07 IST" duration-ms="17610">
      <class name="shubhenduAutomation.ErrorValidationsTest">
        <test-method is-config="true" signature="launchApplication()[pri:0, instance:shubhenduAutomation.ErrorValidationsTest@332729ad]" started-at="2024-03-04T19:56:50 IST" name="launchApplication" finished-at="2024-03-04T19:56:55 IST" duration-ms="5407" status="PASS">
          <reporter-output>
          </reporter-output>
        </test-method> <!-- launchApplication -->
        <test-method signature="checkCountISOne()[pri:0, instance:shubhenduAutomation.ErrorValidationsTest@332729ad]" started-at="2024-03-04T19:56:55 IST" name="checkCountISOne" finished-at="2024-03-04T19:56:57 IST" duration-ms="2323" status="PASS">
          <reporter-output>
          </reporter-output>
        </test-method> <!-- checkCountISOne -->
        <test-method is-config="true" signature="taerDown()[pri:0, instance:shubhenduAutomation.ErrorValidationsTest@332729ad]" started-at="2024-03-04T19:56:57 IST" name="taerDown" finished-at="2024-03-04T19:56:58 IST" duration-ms="137" status="PASS">
          <reporter-output>
          </reporter-output>
        </test-method> <!-- taerDown -->
        <test-method is-config="true" signature="launchApplication()[pri:0, instance:shubhenduAutomation.ErrorValidationsTest@332729ad]" started-at="2024-03-04T19:56:58 IST" name="launchApplication" finished-at="2024-03-04T19:57:06 IST" duration-ms="8552" status="PASS">
          <reporter-output>
          </reporter-output>
        </test-method> <!-- launchApplication -->
        <test-method signature="logInErrorValidation()[pri:0, instance:shubhenduAutomation.ErrorValidationsTest@332729ad]" started-at="2024-03-04T19:57:06 IST" name="logInErrorValidation" finished-at="2024-03-04T19:57:07 IST" duration-ms="960" status="PASS">
          <reporter-output>
          </reporter-output>
        </test-method> <!-- logInErrorValidation -->
        <test-method is-config="true" signature="taerDown()[pri:0, instance:shubhenduAutomation.ErrorValidationsTest@332729ad]" started-at="2024-03-04T19:57:07 IST" name="taerDown" finished-at="2024-03-04T19:57:07 IST" duration-ms="163" status="PASS">
          <reporter-output>
          </reporter-output>
        </test-method> <!-- taerDown -->
      </class> <!-- shubhenduAutomation.ErrorValidationsTest -->
    </test> <!-- Login Page Error Validation -->
    <test started-at="2024-03-04T19:56:50 IST" name="Submit Order Test" finished-at="2024-03-04T19:57:20 IST" duration-ms="30183">
      <class name="shubhenduAutomation.StandAloneTest">
        <test-method is-config="true" signature="launchApplication()[pri:0, instance:shubhenduAutomation.StandAloneTest@5be49b60]" started-at="2024-03-04T19:56:50 IST" name="launchApplication" finished-at="2024-03-04T19:56:55 IST" duration-ms="4747" status="PASS">
          <reporter-output>
          </reporter-output>
        </test-method> <!-- launchApplication -->
        <test-method signature="standAloneTest(java.util.HashMap)[pri:0, instance:shubhenduAutomation.StandAloneTest@5be49b60]" started-at="2024-03-04T19:56:55 IST" name="standAloneTest" data-provider="getData" finished-at="2024-03-04T19:57:01 IST" duration-ms="6310" status="PASS">
          <params>
            <param index="0">
              <value>
                <![CDATA[{password=Shub@1234@, email=dummy007@email.com, productName=ZARA COAT 3}]]>
              </value>
            </param>
          </params>
          <reporter-output>
          </reporter-output>
        </test-method> <!-- standAloneTest -->
        <test-method is-config="true" signature="taerDown()[pri:0, instance:shubhenduAutomation.StandAloneTest@5be49b60]" started-at="2024-03-04T19:57:01 IST" name="taerDown" finished-at="2024-03-04T19:57:01 IST" duration-ms="171" status="PASS">
          <reporter-output>
          </reporter-output>
        </test-method> <!-- taerDown -->
        <test-method is-config="true" signature="launchApplication()[pri:0, instance:shubhenduAutomation.StandAloneTest@5be49b60]" started-at="2024-03-04T19:57:01 IST" name="launchApplication" finished-at="2024-03-04T19:57:04 IST" duration-ms="2825" status="PASS">
          <reporter-output>
          </reporter-output>
        </test-method> <!-- launchApplication -->
        <test-method signature="standAloneTest(java.util.HashMap)[pri:0, instance:shubhenduAutomation.StandAloneTest@5be49b60]" started-at="2024-03-04T19:57:04 IST" name="standAloneTest" data-provider="getData" finished-at="2024-03-04T19:57:11 IST" duration-ms="6424" status="PASS">
          <params>
            <param index="0">
              <value>
                <![CDATA[{password=Shub@1234@#, email=dummy008@email.com, productName=ADIDAS ORIGINAL}]]>
              </value>
            </param>
          </params>
          <reporter-output>
          </reporter-output>
        </test-method> <!-- standAloneTest -->
        <test-method is-config="true" signature="taerDown()[pri:0, instance:shubhenduAutomation.StandAloneTest@5be49b60]" started-at="2024-03-04T19:57:11 IST" name="taerDown" finished-at="2024-03-04T19:57:11 IST" duration-ms="170" status="PASS">
          <reporter-output>
          </reporter-output>
        </test-method> <!-- taerDown -->
        <test-method is-config="true" signature="launchApplication()[pri:0, instance:shubhenduAutomation.StandAloneTest@5be49b60]" started-at="2024-03-04T19:57:11 IST" name="launchApplication" finished-at="2024-03-04T19:57:13 IST" duration-ms="2444" status="PASS">
          <reporter-output>
          </reporter-output>
        </test-method> <!-- launchApplication -->
        <test-method signature="orderValidation(java.lang.String, java.lang.String, java.lang.String)[pri:0, instance:shubhenduAutomation.StandAloneTest@5be49b60]" started-at="2024-03-04T19:57:13 IST" name="orderValidation" data-provider="getDataOject" finished-at="2024-03-04T19:57:15 IST" depends-on-methods="shubhenduAutomation.StandAloneTest.standAloneTest" duration-ms="2067" status="PASS">
          <params>
            <param index="0">
              <value>
                <![CDATA[dummy007@email.com]]>
              </value>
            </param>
            <param index="1">
              <value>
                <![CDATA[Shub@1234@]]>
              </value>
            </param>
            <param index="2">
              <value>
                <![CDATA[ZARA COAT 3]]>
              </value>
            </param>
          </params>
          <reporter-output>
          </reporter-output>
        </test-method> <!-- orderValidation -->
        <test-method is-config="true" signature="taerDown()[pri:0, instance:shubhenduAutomation.StandAloneTest@5be49b60]" started-at="2024-03-04T19:57:15 IST" name="taerDown" finished-at="2024-03-04T19:57:15 IST" duration-ms="138" status="PASS">
          <reporter-output>
          </reporter-output>
        </test-method> <!-- taerDown -->
        <test-method is-config="true" signature="launchApplication()[pri:0, instance:shubhenduAutomation.StandAloneTest@5be49b60]" started-at="2024-03-04T19:57:15 IST" name="launchApplication" finished-at="2024-03-04T19:57:19 IST" duration-ms="3298" status="PASS">
          <reporter-output>
          </reporter-output>
        </test-method> <!-- launchApplication -->
        <test-method signature="orderValidation(java.lang.String, java.lang.String, java.lang.String)[pri:0, instance:shubhenduAutomation.StandAloneTest@5be49b60]" started-at="2024-03-04T19:57:19 IST" name="orderValidation" data-provider="getDataOject" finished-at="2024-03-04T19:57:20 IST" depends-on-methods="shubhenduAutomation.StandAloneTest.standAloneTest" duration-ms="1047" status="PASS">
          <params>
            <param index="0">
              <value>
                <![CDATA[dummy008@email.com]]>
              </value>
            </param>
            <param index="1">
              <value>
                <![CDATA[Shub@1234@#]]>
              </value>
            </param>
            <param index="2">
              <value>
                <![CDATA[ADIDAS ORIGINAL]]>
              </value>
            </param>
          </params>
          <reporter-output>
          </reporter-output>
        </test-method> <!-- orderValidation -->
        <test-method is-config="true" signature="taerDown()[pri:0, instance:shubhenduAutomation.StandAloneTest@5be49b60]" started-at="2024-03-04T19:57:20 IST" name="taerDown" finished-at="2024-03-04T19:57:20 IST" duration-ms="137" status="PASS">
          <reporter-output>
          </reporter-output>
        </test-method> <!-- taerDown -->
      </class> <!-- shubhenduAutomation.StandAloneTest -->
    </test> <!-- Submit Order Test -->
  </suite> <!-- Suite -->
</testng-results>
