<?xml version="1.0" encoding="UTF-8"?>
<testng-results ignored="0" total="6" passed="6" failed="0" skipped="0">
  <reporter-output>
  </reporter-output>
  <suite started-at="2024-03-04T16:09:13 IST" name="Suite" finished-at="2024-03-04T16:09:46 IST" duration-ms="33399">
    <groups>
      <group name="ErrorValidation">
        <method signature="ErrorValidationsTest.logInErrorValidation()[pri:0, instance:shubhenduAutomation.ErrorValidationsTest@63eef88a]" name="logInErrorValidation" class="shubhenduAutomation.ErrorValidationsTest"/>
      </group> <!-- ErrorValidation -->
      <group name="dataSet">
        <method signature="StandAloneTest.standAloneTest(java.util.HashMap)[pri:0, instance:shubhenduAutomation.StandAloneTest@16b2bb0c]" name="standAloneTest" class="shubhenduAutomation.StandAloneTest"/>
      </group> <!-- dataSet -->
    </groups>
    <test started-at="2024-03-04T16:09:13 IST" name="Login Page Error Validation" finished-at="2024-03-04T16:09:27 IST" duration-ms="14589">
      <class name="shubhenduAutomation.ErrorValidationsTest">
        <test-method is-config="true" signature="launchApplication()[pri:0, instance:shubhenduAutomation.ErrorValidationsTest@63eef88a]" started-at="2024-03-04T16:09:13 IST" name="launchApplication" finished-at="2024-03-04T16:09:21 IST" duration-ms="8201" status="PASS">
          <reporter-output>
          </reporter-output>
        </test-method> <!-- launchApplication -->
        <test-method signature="checkCountISOne()[pri:0, instance:shubhenduAutomation.ErrorValidationsTest@63eef88a]" started-at="2024-03-04T16:09:21 IST" name="checkCountISOne" finished-at="2024-03-04T16:09:23 IST" duration-ms="2396" status="PASS">
          <reporter-output>
          </reporter-output>
        </test-method> <!-- checkCountISOne -->
        <test-method is-config="true" signature="taerDown()[pri:0, instance:shubhenduAutomation.ErrorValidationsTest@63eef88a]" started-at="2024-03-04T16:09:23 IST" name="taerDown" finished-at="2024-03-04T16:09:23 IST" duration-ms="174" status="PASS">
          <reporter-output>
          </reporter-output>
        </test-method> <!-- taerDown -->
        <test-method is-config="true" signature="launchApplication()[pri:0, instance:shubhenduAutomation.ErrorValidationsTest@63eef88a]" started-at="2024-03-04T16:09:23 IST" name="launchApplication" finished-at="2024-03-04T16:09:25 IST" duration-ms="1980" status="PASS">
          <reporter-output>
          </reporter-output>
        </test-method> <!-- launchApplication -->
        <test-method signature="logInErrorValidation()[pri:0, instance:shubhenduAutomation.ErrorValidationsTest@63eef88a]" started-at="2024-03-04T16:09:25 IST" name="logInErrorValidation" finished-at="2024-03-04T16:09:27 IST" duration-ms="1629" status="PASS">
          <reporter-output>
          </reporter-output>
        </test-method> <!-- logInErrorValidation -->
        <test-method is-config="true" signature="taerDown()[pri:0, instance:shubhenduAutomation.ErrorValidationsTest@63eef88a]" started-at="2024-03-04T16:09:27 IST" name="taerDown" finished-at="2024-03-04T16:09:27 IST" duration-ms="147" status="PASS">
          <reporter-output>
          </reporter-output>
        </test-method> <!-- taerDown -->
      </class> <!-- shubhenduAutomation.ErrorValidationsTest -->
    </test> <!-- Login Page Error Validation -->
    <test started-at="2024-03-04T16:09:13 IST" name="Submit Order Test" finished-at="2024-03-04T16:09:46 IST" duration-ms="33399">
      <class name="shubhenduAutomation.StandAloneTest">
        <test-method is-config="true" signature="launchApplication()[pri:0, instance:shubhenduAutomation.StandAloneTest@16b2bb0c]" started-at="2024-03-04T16:09:13 IST" name="launchApplication" finished-at="2024-03-04T16:09:21 IST" duration-ms="7885" status="PASS">
          <reporter-output>
          </reporter-output>
        </test-method> <!-- launchApplication -->
        <test-method signature="standAloneTest(java.util.HashMap)[pri:0, instance:shubhenduAutomation.StandAloneTest@16b2bb0c]" started-at="2024-03-04T16:09:21 IST" name="standAloneTest" data-provider="getData" finished-at="2024-03-04T16:09:27 IST" duration-ms="5872" status="PASS">
          <params>
            <param index="0">
              <value>
                <![CDATA[{password=Shub@1234@, email=dummy007@email.com, productName=ZARA COAT 3}]]>
              </value>
            </param>
          </params>
          <reporter-output>
          </reporter-output>
        </test-method> <!-- standAloneTest -->
        <test-method is-config="true" signature="taerDown()[pri:0, instance:shubhenduAutomation.StandAloneTest@16b2bb0c]" started-at="2024-03-04T16:09:27 IST" name="taerDown" finished-at="2024-03-04T16:09:27 IST" duration-ms="162" status="PASS">
          <reporter-output>
          </reporter-output>
        </test-method> <!-- taerDown -->
        <test-method is-config="true" signature="launchApplication()[pri:0, instance:shubhenduAutomation.StandAloneTest@16b2bb0c]" started-at="2024-03-04T16:09:27 IST" name="launchApplication" finished-at="2024-03-04T16:09:30 IST" duration-ms="3519" status="PASS">
          <reporter-output>
          </reporter-output>
        </test-method> <!-- launchApplication -->
        <test-method signature="standAloneTest(java.util.HashMap)[pri:0, instance:shubhenduAutomation.StandAloneTest@16b2bb0c]" started-at="2024-03-04T16:09:30 IST" name="standAloneTest" data-provider="getData" finished-at="2024-03-04T16:09:37 IST" duration-ms="6253" status="PASS">
          <params>
            <param index="0">
              <value>
                <![CDATA[{password=Shub@1234@#, email=dummy008@email.com, productName=ADIDAS ORIGINAL}]]>
              </value>
            </param>
          </params>
          <reporter-output>
          </reporter-output>
        </test-method> <!-- standAloneTest -->
        <test-method is-config="true" signature="taerDown()[pri:0, instance:shubhenduAutomation.StandAloneTest@16b2bb0c]" started-at="2024-03-04T16:09:37 IST" name="taerDown" finished-at="2024-03-04T16:09:37 IST" duration-ms="153" status="PASS">
          <reporter-output>
          </reporter-output>
        </test-method> <!-- taerDown -->
        <test-method is-config="true" signature="launchApplication()[pri:0, instance:shubhenduAutomation.StandAloneTest@16b2bb0c]" started-at="2024-03-04T16:09:37 IST" name="launchApplication" finished-at="2024-03-04T16:09:40 IST" duration-ms="3216" status="PASS">
          <reporter-output>
          </reporter-output>
        </test-method> <!-- launchApplication -->
        <test-method signature="orderValidation(java.lang.String, java.lang.String, java.lang.String)[pri:0, instance:shubhenduAutomation.StandAloneTest@16b2bb0c]" started-at="2024-03-04T16:09:40 IST" name="orderValidation" data-provider="getDataOject" finished-at="2024-03-04T16:09:41 IST" depends-on-methods="shubhenduAutomation.StandAloneTest.standAloneTest" duration-ms="1061" status="PASS">
          <params>
            <param index="0">
              <value>
                <![CDATA[dummy007@email.com]]>
              </value>
            </param>
            <param index="1">
              <value>
                <![CDATA[Shub@1234@]]>
              </value>
            </param>
            <param index="2">
              <value>
                <![CDATA[ZARA COAT 3]]>
              </value>
            </param>
          </params>
          <reporter-output>
          </reporter-output>
        </test-method> <!-- orderValidation -->
        <test-method is-config="true" signature="taerDown()[pri:0, instance:shubhenduAutomation.StandAloneTest@16b2bb0c]" started-at="2024-03-04T16:09:41 IST" name="taerDown" finished-at="2024-03-04T16:09:41 IST" duration-ms="161" status="PASS">
          <reporter-output>
          </reporter-output>
        </test-method> <!-- taerDown -->
        <test-method is-config="true" signature="launchApplication()[pri:0, instance:shubhenduAutomation.StandAloneTest@16b2bb0c]" started-at="2024-03-04T16:09:41 IST" name="launchApplication" finished-at="2024-03-04T16:09:45 IST" duration-ms="3495" status="PASS">
          <reporter-output>
          </reporter-output>
        </test-method> <!-- launchApplication -->
        <test-method signature="orderValidation(java.lang.String, java.lang.String, java.lang.String)[pri:0, instance:shubhenduAutomation.StandAloneTest@16b2bb0c]" started-at="2024-03-04T16:09:45 IST" name="orderValidation" data-provider="getDataOject" finished-at="2024-03-04T16:09:46 IST" depends-on-methods="shubhenduAutomation.StandAloneTest.standAloneTest" duration-ms="1106" status="PASS">
          <params>
            <param index="0">
              <value>
                <![CDATA[dummy008@email.com]]>
              </value>
            </param>
            <param index="1">
              <value>
                <![CDATA[Shub@1234@#]]>
              </value>
            </param>
            <param index="2">
              <value>
                <![CDATA[ADIDAS ORIGINAL]]>
              </value>
            </param>
          </params>
          <reporter-output>
          </reporter-output>
        </test-method> <!-- orderValidation -->
        <test-method is-config="true" signature="taerDown()[pri:0, instance:shubhenduAutomation.StandAloneTest@16b2bb0c]" started-at="2024-03-04T16:09:46 IST" name="taerDown" finished-at="2024-03-04T16:09:46 IST" duration-ms="142" status="PASS">
          <reporter-output>
          </reporter-output>
        </test-method> <!-- taerDown -->
      </class> <!-- shubhenduAutomation.StandAloneTest -->
    </test> <!-- Submit Order Test -->
  </suite> <!-- Suite -->
</testng-results>
