<?xml version="1.0" encoding="UTF-8"?>
<!-- Generated by org.testng.reporters.JUnitXMLReporter -->
<testsuite ignored="0" hostname="LIN51015447" failures="0" tests="3" name="Login Page Error Validation" time="17.61" errors="0" timestamp="2024-03-04T19:57:07 IST">
  <testcase classname="shubhenduAutomation.ErrorValidationsTest" name="checkCountISOne" time="2.323"/>
  <testcase classname="shubhenduAutomation.StandAloneTest" name="standAloneTest" time="6.31"/>
  <testcase classname="shubhenduAutomation.ErrorValidationsTest" name="logInErrorValidation" time="0.96"/>
</testsuite> <!-- Login Page Error Validation -->
