<?xml version="1.0" encoding="UTF-8"?>
<!-- Generated by org.testng.reporters.JUnitXMLReporter -->
<testsuite ignored="0" hostname="LIN51015447" failures="0" tests="3" name="Login Page Error Validation" time="14.589" errors="0" timestamp="2024-03-04T16:09:27 IST">
  <testcase classname="shubhenduAutomation.ErrorValidationsTest" name="checkCountISOne" time="2.396"/>
  <testcase classname="shubhenduAutomation.StandAloneTest" name="standAloneTest" time="5.872"/>
  <testcase classname="shubhenduAutomation.ErrorValidationsTest" name="logInErrorValidation" time="1.629"/>
</testsuite> <!-- Login Page Error Validation -->
