<?xml version="1.0" encoding="UTF-8"?>
<!-- Generated by org.testng.reporters.JUnitXMLReporter -->
<testsuite ignored="0" hostname="LIN51015447" failures="0" tests="3" name="Submit Order Test" time="33.399" errors="0" timestamp="2024-03-04T16:09:46 IST">
  <testcase classname="shubhenduAutomation.StandAloneTest" name="standAloneTest" time="6.253"/>
  <testcase classname="shubhenduAutomation.StandAloneTest" name="orderValidation" time="1.061"/>
  <testcase classname="shubhenduAutomation.StandAloneTest" name="orderValidation" time="1.106"/>
</testsuite> <!-- Submit Order Test -->
